<?xml version="1.0" encoding="UTF-8"?>
<testng-results ignored="0" total="1" passed="1" failed="0" skipped="0">
  <reporter-output>
  </reporter-output>
  <suite started-at="2026-05-19T16:38:28 IST" name="Default suite" finished-at="2026-05-19T16:38:35 IST" duration-ms="7572">
    <groups>
    </groups>
    <test started-at="2026-05-19T16:38:28 IST" name="Default test" finished-at="2026-05-19T16:38:35 IST" duration-ms="7572">
      <class name="TestNG.LoginTest">
        <test-method is-config="true" signature="setup()[pri:0, instance:TestNG.LoginTest@408d971b]" started-at="2026-05-19T16:38:28 IST" name="setup" finished-at="2026-05-19T16:38:33 IST" duration-ms="5742" status="PASS">
          <reporter-output>
          </reporter-output>
        </test-method> <!-- setup -->
        <test-method signature="loginTest()[pri:0, instance:TestNG.LoginTest@408d971b]" started-at="2026-05-19T16:38:33 IST" name="loginTest" finished-at="2026-05-19T16:38:35 IST" duration-ms="1155" status="PASS">
          <reporter-output>
          </reporter-output>
        </test-method> <!-- loginTest -->
        <test-method is-config="true" signature="tearDown()[pri:0, instance:TestNG.LoginTest@408d971b]" started-at="2026-05-19T16:38:35 IST" name="tearDown" finished-at="2026-05-19T16:38:35 IST" duration-ms="594" status="PASS">
          <reporter-output>
          </reporter-output>
        </test-method> <!-- tearDown -->
      </class> <!-- TestNG.LoginTest -->
    </test> <!-- Default test -->
  </suite> <!-- Default suite -->
</testng-results>
