<?xml version="1.0" encoding="UTF-8"?>
<!-- Generated by org.testng.reporters.JUnitReportReporter -->
<testsuite hostname="LAPTOP-J19K0GNV" failures="0" tests="4" name="Assignment_25.GroupingTest" time="0.060" errors="0" timestamp="2026-05-22T17:58:40 IST" skipped="0">
  <testcase classname="Assignment_25.GroupingTest" name="homePageTest" time="0.006"/>
  <testcase classname="Assignment_25.GroupingTest" name="loginTest" time="0.011"/>
  <testcase classname="Assignment_25.GroupingTest" name="paymentTest" time="0.008"/>
  <testcase classname="Assignment_25.GroupingTest" name="addToCartTest" time="0.035"/>
</testsuite> <!-- Assignment_25.GroupingTest -->
