<?xml version="1.0" encoding="UTF-8"?>
<!-- Generated by org.testng.reporters.JUnitReportReporter -->
<testsuite hostname="LAPTOP-J19K0GNV" failures="0" tests="3" name="Assignment_25.MultipleLoginTest" time="35.580" errors="0" timestamp="2026-05-22T17:56:41 IST" skipped="0">
  <testcase classname="Assignment_25.MultipleLoginTest" name="loginTest" time="14.303"/>
  <testcase classname="Assignment_25.MultipleLoginTest" name="loginTest" time="9.349"/>
  <testcase classname="Assignment_25.MultipleLoginTest" name="loginTest" time="11.928"/>
</testsuite> <!-- Assignment_25.MultipleLoginTest -->
