<?xml version="1.0" encoding="UTF-8"?>
<testng-results ignored="0" total="1" passed="1" failed="0" skipped="0">
  <reporter-output>
  </reporter-output>
  <suite started-at="2026-05-25T18:01:42 IST" name="API Suite" finished-at="2026-05-25T18:01:46 IST" duration-ms="4117">
    <groups>
    </groups>
    <test started-at="2026-05-25T18:01:42 IST" name="User API Test" finished-at="2026-05-25T18:01:46 IST" duration-ms="4117">
      <class name="Rest_Api.FilterUsers">
        <test-method signature="filterUser()[pri:0, instance:Rest_Api.FilterUsers@1bd4fdd]" started-at="2026-05-25T18:01:42 IST" name="filterUser" finished-at="2026-05-25T18:01:46 IST" duration-ms="4022" status="PASS">
          <reporter-output>
          </reporter-output>
        </test-method> <!-- filterUser -->
      </class> <!-- Rest_Api.FilterUsers -->
    </test> <!-- User API Test -->
  </suite> <!-- API Suite -->
</testng-results>
